[12:06:48][INFO ](ContextLoader.java:273)-Root WebApplicationContext: initialization started
[12:06:48][INFO ](AbstractApplicationContext.java:495)-Refreshing Root WebApplicationContext: startup date [Tue Mar 14 12:06:48 KST 2023]; root of context hierarchy
[12:06:49][INFO ](XmlBeanDefinitionReader.java:315)-Loading XML bean definitions from ServletContext resource [/WEB-INF/spring/root-context.xml]
[12:06:49][INFO ](DefaultListableBeanFactory.java:557)-Pre-instantiating singletons in org.springframework.beans.factory.support.DefaultListableBeanFactory@29961f9c: defining beans []; root of factory hierarchy
[12:06:49][INFO ](ContextLoader.java:302)-Root WebApplicationContext: initialization completed in 344 ms
[12:06:49][INFO ](FrameworkServlet.java:444)-FrameworkServlet 'appServlet': initialization started
[12:06:49][INFO ](AbstractApplicationContext.java:495)-Refreshing WebApplicationContext for namespace 'appServlet-servlet': startup date [Tue Mar 14 12:06:49 KST 2023]; parent: Root WebApplicationContext
[12:06:49][INFO ](XmlBeanDefinitionReader.java:315)-Loading XML bean definitions from ServletContext resource [/WEB-INF/spring/appServlet/servlet-context.xml]
[12:06:49][INFO ](ClassPathScanningCandidateComponentProvider.java:202)-JSR-250 'javax.annotation.ManagedBean' found and supported for component scanning
[12:06:49][INFO ](ClassPathScanningCandidateComponentProvider.java:210)-JSR-330 'javax.inject.Named' annotation found and supported for component scanning
[12:06:49][INFO ](AutowiredAnnotationBeanPostProcessor.java:139)-JSR-330 'javax.inject.Inject' annotation found and supported for autowiring
[12:06:49][INFO ](DefaultListableBeanFactory.java:557)-Pre-instantiating singletons in org.springframework.beans.factory.support.DefaultListableBeanFactory@3b2ccfdc: defining beans [org.springframework.web.servlet.mvc.method.annotation.RequestMappingHandlerMapping#0,org.springframework.format.support.FormattingConversionServiceFactoryBean#0,org.springframework.web.servlet.mvc.method.annotation.RequestMappingHandlerAdapter#0,org.springframework.web.servlet.handler.MappedInterceptor#0,org.springframework.web.servlet.mvc.method.annotation.ExceptionHandlerExceptionResolver#0,org.springframework.web.servlet.mvc.annotation.ResponseStatusExceptionResolver#0,org.springframework.web.servlet.mvc.support.DefaultHandlerExceptionResolver#0,org.springframework.web.servlet.handler.BeanNameUrlHandlerMapping,org.springframework.web.servlet.mvc.HttpRequestHandlerAdapter,org.springframework.web.servlet.mvc.SimpleControllerHandlerAdapter,org.springframework.web.servlet.resource.ResourceHttpRequestHandler#0,org.springframework.web.servlet.handler.SimpleUrlHandlerMapping#0,org.springframework.web.servlet.view.InternalResourceViewResolver#0,homeController,org.springframework.context.annotation.internalConfigurationAnnotationProcessor,org.springframework.context.annotation.internalAutowiredAnnotationProcessor,org.springframework.context.annotation.internalRequiredAnnotationProcessor,org.springframework.context.annotation.internalCommonAnnotationProcessor,org.springframework.context.annotation.ConfigurationClassPostProcessor$ImportAwareBeanPostProcessor#0]; parent: org.springframework.beans.factory.support.DefaultListableBeanFactory@29961f9c
[12:06:49][INFO ](AbstractHandlerMethodMapping.java:190)-Mapped "{[],methods=[GET],params=[],headers=[],consumes=[],produces=[],custom=[]}" onto public java.lang.String com.myspring.pro27.HomeController.home(java.util.Locale,org.springframework.ui.Model)
[12:06:49][INFO ](AbstractUrlHandlerMapping.java:314)-Mapped URL path [/resources/**] onto handler 'org.springframework.web.servlet.resource.ResourceHttpRequestHandler#0'
[12:06:49][INFO ](FrameworkServlet.java:463)-FrameworkServlet 'appServlet': initialization completed in 614 ms
[12:07:41][INFO ](AbstractApplicationContext.java:1020)-Closing WebApplicationContext for namespace 'appServlet-servlet': startup date [Tue Mar 14 12:06:49 KST 2023]; parent: Root WebApplicationContext
[12:07:41][INFO ](DefaultSingletonBeanRegistry.java:433)-Destroying singletons in org.springframework.beans.factory.support.DefaultListableBeanFactory@3b2ccfdc: defining beans [org.springframework.web.servlet.mvc.method.annotation.RequestMappingHandlerMapping#0,org.springframework.format.support.FormattingConversionServiceFactoryBean#0,org.springframework.web.servlet.mvc.method.annotation.RequestMappingHandlerAdapter#0,org.springframework.web.servlet.handler.MappedInterceptor#0,org.springframework.web.servlet.mvc.method.annotation.ExceptionHandlerExceptionResolver#0,org.springframework.web.servlet.mvc.annotation.ResponseStatusExceptionResolver#0,org.springframework.web.servlet.mvc.support.DefaultHandlerExceptionResolver#0,org.springframework.web.servlet.handler.BeanNameUrlHandlerMapping,org.springframework.web.servlet.mvc.HttpRequestHandlerAdapter,org.springframework.web.servlet.mvc.SimpleControllerHandlerAdapter,org.springframework.web.servlet.resource.ResourceHttpRequestHandler#0,org.springframework.web.servlet.handler.SimpleUrlHandlerMapping#0,org.springframework.web.servlet.view.InternalResourceViewResolver#0,homeController,org.springframework.context.annotation.internalConfigurationAnnotationProcessor,org.springframework.context.annotation.internalAutowiredAnnotationProcessor,org.springframework.context.annotation.internalRequiredAnnotationProcessor,org.springframework.context.annotation.internalCommonAnnotationProcessor,org.springframework.context.annotation.ConfigurationClassPostProcessor$ImportAwareBeanPostProcessor#0]; parent: org.springframework.beans.factory.support.DefaultListableBeanFactory@29961f9c
[12:07:41][INFO ](AbstractApplicationContext.java:1020)-Closing Root WebApplicationContext: startup date [Tue Mar 14 12:06:48 KST 2023]; root of context hierarchy
[12:07:41][INFO ](DefaultSingletonBeanRegistry.java:433)-Destroying singletons in org.springframework.beans.factory.support.DefaultListableBeanFactory@29961f9c: defining beans []; root of factory hierarchy
[12:11:56][INFO ](ContextLoader.java:273)-Root WebApplicationContext: initialization started
[12:11:56][INFO ](AbstractApplicationContext.java:495)-Refreshing Root WebApplicationContext: startup date [Tue Mar 14 12:11:56 KST 2023]; root of context hierarchy
[12:11:56][INFO ](XmlBeanDefinitionReader.java:315)-Loading XML bean definitions from ServletContext resource [/WEB-INF/spring/root-context.xml]
[12:11:57][INFO ](DefaultListableBeanFactory.java:557)-Pre-instantiating singletons in org.springframework.beans.factory.support.DefaultListableBeanFactory@4cecdc13: defining beans []; root of factory hierarchy
[12:11:57][INFO ](ContextLoader.java:302)-Root WebApplicationContext: initialization completed in 341 ms
[12:11:57][INFO ](FrameworkServlet.java:444)-FrameworkServlet 'appServlet': initialization started
[12:11:57][INFO ](AbstractApplicationContext.java:495)-Refreshing WebApplicationContext for namespace 'appServlet-servlet': startup date [Tue Mar 14 12:11:57 KST 2023]; parent: Root WebApplicationContext
[12:11:57][INFO ](XmlBeanDefinitionReader.java:315)-Loading XML bean definitions from ServletContext resource [/WEB-INF/spring/appServlet/servlet-context.xml]
[12:11:57][INFO ](ClassPathScanningCandidateComponentProvider.java:202)-JSR-250 'javax.annotation.ManagedBean' found and supported for component scanning
[12:11:57][INFO ](ClassPathScanningCandidateComponentProvider.java:210)-JSR-330 'javax.inject.Named' annotation found and supported for component scanning
[12:11:57][INFO ](AutowiredAnnotationBeanPostProcessor.java:139)-JSR-330 'javax.inject.Inject' annotation found and supported for autowiring
[12:11:57][INFO ](DefaultListableBeanFactory.java:557)-Pre-instantiating singletons in org.springframework.beans.factory.support.DefaultListableBeanFactory@2ccbe954: defining beans [org.springframework.web.servlet.mvc.method.annotation.RequestMappingHandlerMapping#0,org.springframework.format.support.FormattingConversionServiceFactoryBean#0,org.springframework.web.servlet.mvc.method.annotation.RequestMappingHandlerAdapter#0,org.springframework.web.servlet.handler.MappedInterceptor#0,org.springframework.web.servlet.mvc.method.annotation.ExceptionHandlerExceptionResolver#0,org.springframework.web.servlet.mvc.annotation.ResponseStatusExceptionResolver#0,org.springframework.web.servlet.mvc.support.DefaultHandlerExceptionResolver#0,org.springframework.web.servlet.handler.BeanNameUrlHandlerMapping,org.springframework.web.servlet.mvc.HttpRequestHandlerAdapter,org.springframework.web.servlet.mvc.SimpleControllerHandlerAdapter,org.springframework.web.servlet.resource.ResourceHttpRequestHandler#0,org.springframework.web.servlet.handler.SimpleUrlHandlerMapping#0,org.springframework.web.servlet.view.InternalResourceViewResolver#0,homeController,org.springframework.context.annotation.internalConfigurationAnnotationProcessor,org.springframework.context.annotation.internalAutowiredAnnotationProcessor,org.springframework.context.annotation.internalRequiredAnnotationProcessor,org.springframework.context.annotation.internalCommonAnnotationProcessor,org.springframework.context.annotation.ConfigurationClassPostProcessor$ImportAwareBeanPostProcessor#0]; parent: org.springframework.beans.factory.support.DefaultListableBeanFactory@4cecdc13
[12:11:57][INFO ](AbstractHandlerMethodMapping.java:190)-Mapped "{[],methods=[GET],params=[],headers=[],consumes=[],produces=[],custom=[]}" onto public java.lang.String com.myspring.pro27.HomeController.home(java.util.Locale,org.springframework.ui.Model)
[12:11:57][INFO ](AbstractUrlHandlerMapping.java:314)-Mapped URL path [/resources/**] onto handler 'org.springframework.web.servlet.resource.ResourceHttpRequestHandler#0'
[12:11:57][INFO ](FrameworkServlet.java:463)-FrameworkServlet 'appServlet': initialization completed in 704 ms
